Using pre-set license

 COMMAND LINE ARGUMENTS:
/Applications/Unity/Hub/Editor/2020.3.13f1/Unity.app/Contents/MacOS/Unity
-adb2
-batchMode
-noUpm
-name
AssetImportWorker0
-projectPath
/Users/tadanoshouta/Documents/PinBall/PinBall
-logFile
Logs/AssetImportWorker0.log
-srvPort
49374
Successfully changed project path to: /Users/tadanoshouta/Documents/PinBall/PinBall
/Users/tadanoshouta/Documents/PinBall/PinBall
Using Asset Import Pipeline V2.
Refreshing native plugins compatible for Editor in 38.74 ms, found 2 plugins.
Preloading 0 native plugins for Editor in 0.00 ms.
Initialize engine version: 2020.3.13f1 (71691879b7f5)
[Subsystems] Discovering subsystems at path /Applications/Unity/Hub/Editor/2020.3.13f1/Unity.app/Contents/Resources/UnitySubsystems
[Subsystems] Discovering subsystems at path /Users/tadanoshouta/Documents/PinBall/PinBall/Assets
GfxDevice: creating device client; threaded=0
2021-09-01 21:04:00.673 Unity[18467:754523] Color LCD preferred device: Intel(R) Iris(TM) Plus Graphics (low power)
2021-09-01 21:04:00.673 Unity[18467:754523] Metal devices available: 1
2021-09-01 21:04:00.673 Unity[18467:754523] 0: Intel(R) Iris(TM) Plus Graphics (low power)
2021-09-01 21:04:00.673 Unity[18467:754523] Using device Intel(R) Iris(TM) Plus Graphics (low power)
Initializing Metal device caps: Intel(R) Iris(TM) Plus Graphics
Initialize mono
Mono path[0] = '/Applications/Unity/Hub/Editor/2020.3.13f1/Unity.app/Contents/Managed'
Mono path[1] = '/Applications/Unity/Hub/Editor/2020.3.13f1/Unity.app/Contents/MonoBleedingEdge/lib/mono/unityjit'
Mono config path = '/Applications/Unity/Hub/Editor/2020.3.13f1/Unity.app/Contents/MonoBleedingEdge/etc'
Using monoOptions --debugger-agent=transport=dt_socket,embedding=1,server=y,suspend=n,address=127.0.0.1:56467
Begin MonoManager ReloadAssembly
Registering precompiled unity dll's ...
Register platform support module: /Applications/Unity/Hub/Editor/2020.3.13f1/PlaybackEngines/WebGLSupport/UnityEditor.WebGL.Extensions.dll
Register platform support module: /Applications/Unity/Hub/Editor/2020.3.13f1/Unity.app/Contents/PlaybackEngines/MacStandaloneSupport/UnityEditor.OSXStandalone.Extensions.dll
Registered in 0.000737 seconds.
Native extension for OSXStandalone target not found
Native extension for WebGL target not found
Refreshing native plugins compatible for Editor in 30.20 ms, found 2 plugins.
Preloading 0 native plugins for Editor in 0.00 ms.
Mono: successfully reloaded assembly
- Completed reload, in  1.665 seconds
Platform modules already initialized, skipping
Registering precompiled user dll's ...
Registered in 0.004609 seconds.
Begin MonoManager ReloadAssembly
Native extension for OSXStandalone target not found
Native extension for WebGL target not found
Refreshing native plugins compatible for Editor in 0.32 ms, found 2 plugins.
Preloading 0 native plugins for Editor in 0.00 ms.
Mono: successfully reloaded assembly
- Completed reload, in  1.293 seconds
Platform modules already initialized, skipping
========================================================================
Worker process is ready to serve import requests
Launching external process: /Applications/Unity/Hub/Editor/2020.3.13f1/Unity.app/Contents/Tools/UnityShaderCompiler
Launched and connected shader compiler UnityShaderCompiler after 0.01 seconds
Refreshing native plugins compatible for Editor in 0.27 ms, found 2 plugins.
Preloading 0 native plugins for Editor in 0.00 ms.
Unloading 1397 Unused Serialized files (Serialized files now loaded: 0)
System memory in use before: 137.9 MB.
System memory in use after: 138.0 MB.

Unloading 19 unused Assets to reduce memory usage. Loaded Objects now: 1831.
Total: 1.776502 ms (FindLiveObjects: 0.133227 ms CreateObjectMapping: 0.039053 ms MarkObjects: 1.504541 ms  DeleteObjects: 0.097743 ms)

AssetImportParameters requested are different than current active one (requested -> active):
  custom:video-decoder-ogg-theora: a1e56fd34408186e4bbccfd4996cb3dc -> 
  custom:container-muxer-webm: aa71ff27fc2769a1b78a27578f13a17b -> 
  custom:container-demuxer-webm: 4f35f7cbe854078d1ac9338744f61a02 -> 
  custom:container-demuxer-ogg: 62fdf1f143b41e24485cea50d1cbac27 -> 
  custom:video-encoder-webm-vp8: eb34c28f22e8b96e1ab97ce403110664 -> 
  custom:framework-osx-AVFoundation: e770b220cccbd017edd2c1fefb359320 -> 
  custom:video-decoder-webm-vp8: 9c59270c3fd7afecdb556c50c9e8de78 -> 
  custom:audio-decoder-ogg-vorbis: bf7c407c2cedff20999df2af8eb42d56 -> 
  custom:audio-encoder-webm-vorbis: bf7c407c2cedff20999df2af8eb42d56 -> 
========================================================================
Received Import Request.
  path: Assets/RightFripper.fbx
  artifactKey: Guid(ecbc32ec201644c489c690970168f445) Importer(815301076,1909f56bfc062723c751e8b465ee728b)
Start importing Assets/RightFripper.fbx using Guid(ecbc32ec201644c489c690970168f445) Importer(815301076,1909f56bfc062723c751e8b465ee728b)  -> (artifact id: '4d5a7b3f50cfbd5ca2c82dd99ac13be5') in 1.536844 seconds 
  Import took 1.539748 seconds .

========================================================================
Received Import Request.
  Time since last request: 0.000344 seconds.
  path: Assets/Mask.png
  artifactKey: Guid(d181f05258670472491ba47ef9a46a05) Importer(815301076,1909f56bfc062723c751e8b465ee728b)
Start importing Assets/Mask.png using Guid(d181f05258670472491ba47ef9a46a05) Importer(815301076,1909f56bfc062723c751e8b465ee728b)  -> (artifact id: '4e06b850e48799757c0376e81329dd15') in 1.220173 seconds 
  Import took 1.224076 seconds .

========================================================================
Received Import Request.
  Time since last request: 0.000307 seconds.
  path: Assets/Cloudcolor.mat
  artifactKey: Guid(65fa088d837df4c38bd862cf85c76aa4) Importer(815301076,1909f56bfc062723c751e8b465ee728b)
Start importing Assets/Cloudcolor.mat using Guid(65fa088d837df4c38bd862cf85c76aa4) Importer(815301076,1909f56bfc062723c751e8b465ee728b)  -> (artifact id: '43554a2afa73567f023aa3b276fae942') in 0.442571 seconds 
  Import took 0.444855 seconds .

========================================================================
Received Import Request.
  Time since last request: 0.000426 seconds.
  path: Assets/SmallCloud.fbx
  artifactKey: Guid(22383c5d3c9fd40f7a645af1d5931c62) Importer(815301076,1909f56bfc062723c751e8b465ee728b)
Start importing Assets/SmallCloud.fbx using Guid(22383c5d3c9fd40f7a645af1d5931c62) Importer(815301076,1909f56bfc062723c751e8b465ee728b)  -> (artifact id: '3f25d945304f6f130caa604c8b6b18ab') in 0.016737 seconds 
  Import took 0.019619 seconds .

========================================================================
Received Import Request.
  Time since last request: 0.000440 seconds.
  path: Assets/LargeStar.fbx
  artifactKey: Guid(5c32c8715e52542a48a49b791d49623e) Importer(815301076,1909f56bfc062723c751e8b465ee728b)
Start importing Assets/LargeStar.fbx using Guid(5c32c8715e52542a48a49b791d49623e) Importer(815301076,1909f56bfc062723c751e8b465ee728b)  -> (artifact id: '69659e8644079a3be796fca44ff732b0') in 0.017447 seconds 
  Import took 0.020680 seconds .

========================================================================
Received Import Request.
  Time since last request: 0.000265 seconds.
  path: Assets/BallPhysic.physicMaterial
  artifactKey: Guid(29d1a9c341a9b410eadaa7b7360005fb) Importer(815301076,1909f56bfc062723c751e8b465ee728b)
Start importing Assets/BallPhysic.physicMaterial using Guid(29d1a9c341a9b410eadaa7b7360005fb) Importer(815301076,1909f56bfc062723c751e8b465ee728b)  -> (artifact id: 'da8404bb70e4049205614a4afe52c71d') in 0.197185 seconds 
  Import took 0.201585 seconds .

========================================================================
Received Import Request.
  Time since last request: 0.000304 seconds.
  path: Assets/FripperColor.mat
  artifactKey: Guid(5f10b1f4465434a34add777fc87648d7) Importer(815301076,1909f56bfc062723c751e8b465ee728b)
Start importing Assets/FripperColor.mat using Guid(5f10b1f4465434a34add777fc87648d7) Importer(815301076,1909f56bfc062723c751e8b465ee728b)  -> (artifact id: 'd147c822b85aefa606661b91df85b93d') in 0.010564 seconds 
  Import took 0.013510 seconds .

========================================================================
Received Import Request.
  Time since last request: 0.000410 seconds.
  path: Assets/BallColor.mat
  artifactKey: Guid(b8e753767118c4ff480afc030e3da060) Importer(815301076,1909f56bfc062723c751e8b465ee728b)
Start importing Assets/BallColor.mat using Guid(b8e753767118c4ff480afc030e3da060) Importer(815301076,1909f56bfc062723c751e8b465ee728b)  -> (artifact id: 'c589f10b5080b166c811f24202b98697') in 0.015295 seconds 
  Import took 0.019809 seconds .

========================================================================
Received Import Request.
  Time since last request: 0.000324 seconds.
  path: Assets/LargeCloud.fbx
  artifactKey: Guid(5422dd29d37a344db8bb60c966283604) Importer(815301076,1909f56bfc062723c751e8b465ee728b)
Start importing Assets/LargeCloud.fbx using Guid(5422dd29d37a344db8bb60c966283604) Importer(815301076,1909f56bfc062723c751e8b465ee728b)  -> (artifact id: '5023576335f101709fbd4bb5cc468882') in 0.019615 seconds 
  Import took 0.023760 seconds .

========================================================================
Received Import Request.
  Time since last request: 0.000189 seconds.
  path: Assets/Smallstercolor.mat
  artifactKey: Guid(c85ba80556b4e4751bd721f973d81c38) Importer(815301076,1909f56bfc062723c751e8b465ee728b)
Start importing Assets/Smallstercolor.mat using Guid(c85ba80556b4e4751bd721f973d81c38) Importer(815301076,1909f56bfc062723c751e8b465ee728b)  -> (artifact id: 'a6651d99d94532ebb87d4fb266d63d59') in 0.010913 seconds 
  Import took 0.013610 seconds .

========================================================================
Received Import Request.
  Time since last request: 0.000364 seconds.
  path: Assets/LargeCloudPrefab.prefab
  artifactKey: Guid(7a7dd21cc771f4c6bb901a97cefb9cfd) Importer(815301076,1909f56bfc062723c751e8b465ee728b)
Start importing Assets/LargeCloudPrefab.prefab using Guid(7a7dd21cc771f4c6bb901a97cefb9cfd) Importer(815301076,1909f56bfc062723c751e8b465ee728b)  -> (artifact id: '37f85e0c829ee6c8d4ebe5068cf0c930') in 0.207589 seconds 
  Import took 0.210678 seconds .

========================================================================
Received Import Request.
  Time since last request: 0.000334 seconds.
  path: Assets/SmallSterPrefab.prefab
  artifactKey: Guid(773e1659579674005b9117fb7b976fb8) Importer(815301076,1909f56bfc062723c751e8b465ee728b)
Start importing Assets/SmallSterPrefab.prefab using Guid(773e1659579674005b9117fb7b976fb8) Importer(815301076,1909f56bfc062723c751e8b465ee728b)  -> (artifact id: '2ca77b8971f63ca7cd622efa77236b84') in 0.009416 seconds 
  Import took 0.013039 seconds .

========================================================================
Received Import Request.
  Time since last request: 0.000417 seconds.
  path: Assets/Largestercolor.mat
  artifactKey: Guid(def751cfbd558405aa82300480417e33) Importer(815301076,1909f56bfc062723c751e8b465ee728b)
Start importing Assets/Largestercolor.mat using Guid(def751cfbd558405aa82300480417e33) Importer(815301076,1909f56bfc062723c751e8b465ee728b)  -> (artifact id: 'b70410dc9c19e459ada793ead67c0a49') in 0.013121 seconds 
  Import took 0.017060 seconds .

========================================================================
Received Import Request.
  Time since last request: 0.000335 seconds.
  path: Assets/WallColor.mat
  artifactKey: Guid(3a497a72e89954ed18cf27f36bfdf4fb) Importer(815301076,1909f56bfc062723c751e8b465ee728b)
Start importing Assets/WallColor.mat using Guid(3a497a72e89954ed18cf27f36bfdf4fb) Importer(815301076,1909f56bfc062723c751e8b465ee728b)  -> (artifact id: 'a5518fdaeafe5e38c9e3b9323d084422') in 0.008191 seconds 
  Import took 0.012110 seconds .

========================================================================
Received Import Request.
  Time since last request: 0.000285 seconds.
  path: Assets/LargeStarPrefab.prefab
  artifactKey: Guid(a62d9d3da5e6e4ad2a0b99ac66cb0cc4) Importer(815301076,1909f56bfc062723c751e8b465ee728b)
Start importing Assets/LargeStarPrefab.prefab using Guid(a62d9d3da5e6e4ad2a0b99ac66cb0cc4) Importer(815301076,1909f56bfc062723c751e8b465ee728b)  -> (artifact id: 'c053f46852f04a9a2de440d94d2e0997') in 0.012273 seconds 
  Import took 0.014684 seconds .

========================================================================
Received Import Request.
  Time since last request: 0.000351 seconds.
  path: Assets/LeftFripper.fbx
  artifactKey: Guid(a373e4fd428a749e3a219e9cf0821923) Importer(815301076,1909f56bfc062723c751e8b465ee728b)
Start importing Assets/LeftFripper.fbx using Guid(a373e4fd428a749e3a219e9cf0821923) Importer(815301076,1909f56bfc062723c751e8b465ee728b)  -> (artifact id: 'aeed4d751faf54c1ec6e01822b9513e0') in 0.017495 seconds 
  Import took 0.020973 seconds .

========================================================================
Received Import Request.
  Time since last request: 0.000283 seconds.
  path: Assets/Moon.png
  artifactKey: Guid(d62594d207e69407ba28853dede951a4) Importer(815301076,1909f56bfc062723c751e8b465ee728b)
Start importing Assets/Moon.png using Guid(d62594d207e69407ba28853dede951a4) Importer(815301076,1909f56bfc062723c751e8b465ee728b)  -> (artifact id: 'a17107cc30a0b3d6d54735946a287b9a') in 0.070240 seconds 
  Import took 0.073645 seconds .

========================================================================
Received Import Request.
  Time since last request: 0.000353 seconds.
  path: Assets/SmallCloudPrefab.prefab
  artifactKey: Guid(37bd6e8b39df946fe939a57c84a718aa) Importer(815301076,1909f56bfc062723c751e8b465ee728b)
Start importing Assets/SmallCloudPrefab.prefab using Guid(37bd6e8b39df946fe939a57c84a718aa) Importer(815301076,1909f56bfc062723c751e8b465ee728b)  -> (artifact id: '3b156795152935851fc131084bdd8c15') in 0.013065 seconds 
  Import took 0.016408 seconds .

========================================================================
Received Prepare
Registering precompiled user dll's ...
Registered in 0.012583 seconds.
Begin MonoManager ReloadAssembly
Native extension for OSXStandalone target not found
Native extension for WebGL target not found
Refreshing native plugins compatible for Editor in 0.28 ms, found 2 plugins.
Preloading 0 native plugins for Editor in 0.00 ms.
Mono: successfully reloaded assembly
- Completed reload, in  1.260 seconds
Platform modules already initialized, skipping
Switching build target platform(2) subTarget(0) extendedPlatform(0) -> platform(9) subTarget(16777218) extendedPlatform(0)
Refreshing native plugins compatible for Editor in 0.38 ms, found 2 plugins.
Preloading 0 native plugins for Editor in 0.00 ms.
Unloading 1395 Unused Serialized files (Serialized files now loaded: 0)
System memory in use before: 163.2 MB.
System memory in use after: 163.3 MB.

Unloading 15 unused Assets to reduce memory usage. Loaded Objects now: 1880.
Total: 1.862352 ms (FindLiveObjects: 0.149912 ms CreateObjectMapping: 0.046067 ms MarkObjects: 1.595524 ms  DeleteObjects: 0.069571 ms)

AssetImportParameters requested are different than current active one (requested -> active):
  custom:video-decoder-ogg-theora: a1e56fd34408186e4bbccfd4996cb3dc -> 
  custom:container-muxer-webm: aa71ff27fc2769a1b78a27578f13a17b -> 
  custom:container-demuxer-webm: 4f35f7cbe854078d1ac9338744f61a02 -> 
  custom:container-demuxer-ogg: 62fdf1f143b41e24485cea50d1cbac27 -> 
  custom:video-encoder-webm-vp8: eb34c28f22e8b96e1ab97ce403110664 -> 
  custom:framework-osx-AVFoundation: e770b220cccbd017edd2c1fefb359320 -> 
  custom:video-decoder-webm-vp8: 9c59270c3fd7afecdb556c50c9e8de78 -> 
  custom:graphics/normal-map-encoding: 01000000000000000000000000000000 -> 02000000000000000000000000000000
  custom:audio-decoder-ogg-vorbis: bf7c407c2cedff20999df2af8eb42d56 -> 
  custom:audio-encoder-webm-vorbis: bf7c407c2cedff20999df2af8eb42d56 -> 
========================================================================
Received Prepare
Registering precompiled user dll's ...
Registered in 0.009543 seconds.
Begin MonoManager ReloadAssembly
Native extension for OSXStandalone target not found
Native extension for WebGL target not found
Refreshing native plugins compatible for Editor in 0.28 ms, found 2 plugins.
Preloading 0 native plugins for Editor in 0.00 ms.
Mono: successfully reloaded assembly
- Completed reload, in  1.184 seconds
Platform modules already initialized, skipping
Switching build target platform(2) subTarget(0) extendedPlatform(0) -> platform(9) subTarget(16777218) extendedPlatform(0)
Refreshing native plugins compatible for Editor in 0.36 ms, found 2 plugins.
Preloading 0 native plugins for Editor in 0.00 ms.
Unloading 1395 Unused Serialized files (Serialized files now loaded: 0)
System memory in use before: 163.4 MB.
System memory in use after: 163.5 MB.

Unloading 14 unused Assets to reduce memory usage. Loaded Objects now: 1883.
Total: 2.255332 ms (FindLiveObjects: 0.292449 ms CreateObjectMapping: 0.170654 ms MarkObjects: 1.720034 ms  DeleteObjects: 0.071072 ms)

AssetImportParameters requested are different than current active one (requested -> active):
  custom:video-decoder-ogg-theora: a1e56fd34408186e4bbccfd4996cb3dc -> 
  custom:container-muxer-webm: aa71ff27fc2769a1b78a27578f13a17b -> 
  custom:container-demuxer-webm: 4f35f7cbe854078d1ac9338744f61a02 -> 
  custom:container-demuxer-ogg: 62fdf1f143b41e24485cea50d1cbac27 -> 
  custom:video-encoder-webm-vp8: eb34c28f22e8b96e1ab97ce403110664 -> 
  custom:framework-osx-AVFoundation: e770b220cccbd017edd2c1fefb359320 -> 
  custom:video-decoder-webm-vp8: 9c59270c3fd7afecdb556c50c9e8de78 -> 
  custom:graphics/normal-map-encoding: 01000000000000000000000000000000 -> 02000000000000000000000000000000
  custom:audio-decoder-ogg-vorbis: bf7c407c2cedff20999df2af8eb42d56 -> 
  custom:audio-encoder-webm-vorbis: bf7c407c2cedff20999df2af8eb42d56 -> 
